<?xml version="1.0" encoding="UTF-8"?>
<!-- Generated by org.testng.reporters.JUnitReportReporter -->
<testsuite hostname="MACsfp08.local" failures="0" tests="1" name="com.example.SampleTest" time="0.005" errors="0" timestamp="06 Nov 2018 14:29:03 GMT" skipped="0">
  <testcase classname="com.example.SampleTest" name="shouldPass" time="0.005"/>
</testsuite> <!-- com.example.SampleTest -->
